INFO [2019-06-13 18:13:02] $x
INFO [2019-06-13 18:13:02] list(Normal = hvgs1$distal_H3K27ac_cortex, Binomial = hvgs2$distal_H3K27ac_cortex, 
INFO [2019-06-13 18:13:02]     `Beta-binomial` = hvgs3$distal_H3K27ac_cortex)
INFO [2019-06-13 18:13:02] 
INFO [2019-06-13 18:13:02] $filename
INFO [2019-06-13 18:13:02] NULL
INFO [2019-06-13 18:13:02] 
INFO [2019-06-13 18:13:02] $col
INFO [2019-06-13 18:13:02] [1] "transparent"
INFO [2019-06-13 18:13:02] 
INFO [2019-06-13 18:13:02] $fill
INFO [2019-06-13 18:13:02] c("#3CB54E", "#F37A71", "#6691CB")
INFO [2019-06-13 18:13:02] 
INFO [2019-06-13 18:13:02] $alpha
INFO [2019-06-13 18:13:02] [1] 0.6
INFO [2019-06-13 18:13:02] 
INFO [2019-06-13 18:13:02] $cex
INFO [2019-06-13 18:13:02] [1] 1.5
INFO [2019-06-13 18:13:02] 
INFO [2019-06-13 18:13:02] $fontfamily
INFO [2019-06-13 18:13:02] [1] "serif"
INFO [2019-06-13 18:13:02] 
INFO [2019-06-13 18:13:02] $fontface
INFO [2019-06-13 18:13:02] [1] "bold"
INFO [2019-06-13 18:13:02] 
INFO [2019-06-13 18:13:02] $euler.d
INFO [2019-06-13 18:13:02] [1] TRUE
INFO [2019-06-13 18:13:02] 
