* using log directory ‘/Users/ricard/biofam/BioFAMtools.Rcheck’
* using R version 3.5.2 (2018-12-20)
* using platform: x86_64-apple-darwin15.6.0 (64-bit)
* using session charset: UTF-8
* using options ‘--no-manual --no-vignettes --no-build-vignettes --as-cran’
* checking for file ‘BioFAMtools/DESCRIPTION’ ... OK
* checking extension type ... Package
* this is package ‘BioFAMtools’ version ‘0.1’
* package encoding: UTF-8
* checking package namespace information ... OK
* checking package dependencies ... OK
* checking if this is a source package ... OK
* checking if there is a namespace ... OK
* checking for executable files ... OK
* checking for hidden files and directories ... OK
* checking for portable file names ... OK
* checking for sufficient/correct file permissions ... OK
* checking serialization versions ... OK
* checking whether package ‘BioFAMtools’ can be installed ... OK
* checking installed package size ... OK
* checking package directory ... OK
* checking DESCRIPTION meta-information ... OK
* checking top-level files ... OK
* checking for left-over files ... OK
* checking index information ... OK
* checking package subdirectories ... OK
* checking R files for non-ASCII characters ... OK
* checking R files for syntax errors ... OK
* checking whether the package can be loaded ... OK
* checking whether the package can be loaded with stated dependencies ... OK
* checking whether the package can be unloaded cleanly ... OK
* checking whether the namespace can be loaded with stated dependencies ... OK
* checking whether the namespace can be unloaded cleanly ... OK
* checking dependencies in R code ... WARNING
'::' or ':::' imports not declared from:
  ‘ggrastr’ ‘magrittr’
* checking S3 generic/method consistency ... OK
* checking replacement functions ... OK
* checking foreign function calls ... OK
* checking R code for possible problems ... NOTE
.plot_multiple_factors: no visible global function definition for
  ‘complete.cases’
.plot_multiple_factors: no visible global function definition for
  ‘brewer.pal’
.set_colorby: no visible binding for global variable ‘model’
.set_groupby: no visible binding for global variable ‘model’
.set_shapeby: no visible binding for global variable ‘model’
FSEA: no visible binding for global variable ‘var’
FSEA: no visible binding for global variable ‘p.adjust.methods’
barplot_FSEA: no visible binding for global variable ‘pathway’
barplot_FSEA: no visible binding for global variable ‘n_enriched’
cluster_samples: no visible global function definition for ‘kmeans’
compare_models: no visible binding for global variable ‘model’
compare_models: no visible binding for global variable ‘ELBO’
detect_passengers: no visible global function definition for ‘tail’
getCovariates: no visible global function definition for ‘colData’
getELBO: no visible global function definition for ‘tail’
getFactors: no visible global function definition for ‘factorNames’
getGroupAnnotation: no visible global function definition for
  ‘sampleNames’
getGroupAnnotation: no visible binding for global variable ‘m’
getImputedData: no visible global function definition for ‘viewNames’
getImputedData: no visible global function definition for ‘groupNames’
getImputedData : <anonymous>: no visible global function definition for
  ‘featureNames’
getImputedData: no visible global function definition for
  ‘featureNames’
getImputedData: no visible global function definition for
  ‘.setViewAndgroupNames’
getTrainData: no visible global function definition for ‘viewNames’
getTrainData: no visible global function definition for ‘groupNames’
getTrainData : <anonymous>: no visible global function definition for
  ‘featureNames’
getTrainData: no visible global function definition for ‘featureNames’
getWeights: no visible global function definition for ‘viewNames’
getWeights: no visible global function definition for ‘factorNames’
get_default_data_options: no visible global function definition for
  ‘modifyList’
get_default_model_options: no visible global function definition for
  ‘modifyList’
get_default_training_options: no visible global function definition for
  ‘modifyList’
get_elbo: no visible global function definition for ‘tail’
heatmap_FSEA: no visible global function definition for ‘head’
lineplot_FSEA: no visible global function definition for ‘head’
lineplot_FSEA: no visible binding for global variable ‘pathway’
pcgse: no visible global function definition for ‘pcgseViaPermutation’
pcgse_via_WMW: no visible global function definition for ‘wilcox.test’
pcgse_via_WMW: no visible global function definition for ‘pnorm’
pcgse_via_ttest: no visible global function definition for ‘var’
pcgse_via_ttest: no visible global function definition for ‘pt’
plot_data_heatmap: no visible global function definition for ‘tail’
plot_data_scatter: no visible global function definition for ‘tail’
plot_factor: no visible global function definition for ‘complete.cases’
plot_factor: no visible binding for global variable ‘value’
plot_factor: no visible global function definition for ‘brewer.pal’
plot_factors: no visible binding for global variable
  ‘plot_factor_beeswarm’
plot_factors: no visible global function definition for
  ‘complete.cases’
plot_factors: no visible binding for global variable ‘x’
plot_factors: no visible binding for global variable ‘y’
plot_factors: no visible global function definition for ‘brewer.pal’
plot_tiles_data: no visible binding for global variable ‘view’
plot_tiles_data: no visible binding for global variable ‘ptotal’
plot_tiles_data: no visible binding for global variable ‘group’
plot_tiles_data: no visible binding for global variable ‘ntotal’
plot_tiles_data: no visible binding for global variable ‘view_label’
plot_tiles_data: no visible binding for global variable ‘combi’
plot_top_weights: no visible global function definition for ‘head’
plot_top_weights: no visible binding for global variable ‘feature’
plot_top_weights: no visible binding for global variable ‘value’
plot_variance_explained: no visible global function definition for
  ‘hclust’
plot_variance_explained: no visible global function definition for
  ‘dist’
plot_variance_explained: no visible binding for global variable ‘value’
plot_weight_scatter: no visible binding for global variable ‘N’
plot_weights: no visible binding for global variable ‘value’
plot_weights: no visible binding for global variable ‘.’
plot_weights: no visible binding for global variable ‘feature’
plot_weights: no visible binding for global variable ‘group’
plot_weights: no visible binding for global variable ‘tmp’
qualityControl: no visible global function definition for ‘viewNames’
qualityControl: no visible global function definition for ‘sampleNames’
qualityControl: no visible global function definition for
  ‘featureNames’
qualityControl: no visible binding for global variable ‘var’
qualityControl: no visible global function definition for
  ‘.inferLikelihoods’
run_biofam: no visible binding for global variable ‘dir_options’
subset_features : <anonymous> : <anonymous>: no visible binding for
  global variable ‘samples’
Undefined global functions or variables:
  . .inferLikelihoods .setViewAndgroupNames ELBO N brewer.pal colData
  combi complete.cases dir_options dist factorNames feature
  featureNames group groupNames hclust head kmeans m model modifyList
  n_enriched ntotal p.adjust.methods pathway pcgseViaPermutation
  plot_factor_beeswarm pnorm pt ptotal sampleNames samples tail tmp
  value var view viewNames view_label wilcox.test x y
Consider adding
  importFrom("stats", "complete.cases", "dist", "hclust", "kmeans",
             "p.adjust.methods", "pnorm", "pt", "var", "wilcox.test")
  importFrom("utils", "head", "modifyList", "tail")
to your NAMESPACE file.
* checking Rd files ... OK
* checking Rd metadata ... OK
* checking Rd line widths ... OK
* checking Rd cross-references ... WARNING
Missing link or links in documentation object 'barplot_FSEA.Rd':
  ‘FeatureSetEnrichmentAnalysis’

Missing link or links in documentation object 'factors_names.Rd':
  ‘BioFAM’

Missing link or links in documentation object 'getCovariates.Rd':
  ‘createBioFAMobject’

Missing link or links in documentation object 'getImputedData.Rd':
  ‘imputeMissing’

Missing link or links in documentation object 'get_default_data_options.Rd':
  ‘prepareMOFA’

Missing link or links in documentation object 'get_default_model_options.Rd':
  ‘prepareMOFA’

Missing link or links in documentation object 'heatmap_FSEA.Rd':
  ‘FeatureSetEnrichmentAnalysis’

Missing link or links in documentation object 'impute.Rd':
  ‘BioFAM’

Missing link or links in documentation object 'lineplot_FSEA.Rd':
  ‘FeatureSetEnrichmentAnalysis’

Missing link or links in documentation object 'plot_factor.Rd':
  ‘MultiAssayExperiment’ ‘plot_factor_scatter’

Missing link or links in documentation object 'plot_factors.Rd':
  ‘MultiAssayExperiment’ ‘plot_factor_scatters’ ‘plot_factor_beeswarm’

Missing link or links in documentation object 'plot_training_curve_ELBO.Rd':
  ‘prepareBioFAM’

Missing link or links in documentation object 'plot_training_curve_factors.Rd':
  ‘prepareBioFAM’

Missing link or links in documentation object 'plot_variance_explained.Rd':
  ‘MOFAmodel’

Missing link or links in documentation object 'plot_weight_scatter.Rd':
  ‘MultiAssayExperiment’

Missing link or links in documentation object 'predict.Rd':
  ‘imputeMissing’

Missing link or links in documentation object 'run_biofam.Rd':
  ‘bioFAMmodel’

See section 'Cross-references' in the 'Writing R Extensions' manual.

* checking for missing documentation entries ... OK
* checking for code/documentation mismatches ... WARNING
S4 class codoc mismatches from documentation object 'BioFAModel':
Slots for class 'BioFAModel'
  Code: cache data_options dimensions expectations imputed_data
        input_data model_options on_disk parameters status
        training_data training_options training_stats

* checking Rd \usage sections ... WARNING
Undocumented arguments in documentation object 'calculate_variance_explained'
  ‘...’

Undocumented arguments in documentation object 'compareModels'
  ‘show_modelnames’

Undocumented arguments in documentation object 'compare_factors'
  ‘show_rownames’ ‘show_colnames’

Undocumented arguments in documentation object 'compare_weights'
  ‘show_rownames’ ‘show_colnames’

Undocumented arguments in documentation object 'create_biofam'
  ‘samples_groups’

Undocumented arguments in documentation object 'expectations'
  ‘object’ ‘value’
Objects in \usage without \alias in documentation object 'expectations':
  ‘.expectations<-’

Undocumented arguments in documentation object 'flip_factor'
  ‘model’ ‘factor’

Undocumented arguments in documentation object 'getFactors'
  ‘groups’

Undocumented arguments in documentation object 'getImputedData'
  ‘groups’

Undocumented arguments in documentation object 'getTrainData'
  ‘groups’

Undocumented arguments in documentation object 'get_factors'
  ‘groups’

Undocumented arguments in documentation object 'get_imputed_data'
  ‘groups’

Undocumented arguments in documentation object 'get_training_data'
  ‘groups’

Undocumented arguments in documentation object 'imputed_data'
  ‘object’ ‘value’
Objects in \usage without \alias in documentation object 'imputed_data':
  ‘.imputed_data<-’

Undocumented arguments in documentation object 'input_data'
  ‘object’ ‘value’
Objects in \usage without \alias in documentation object 'input_data':
  ‘.input_data<-’

Undocumented arguments in documentation object 'load_model'
  ‘set_names’

Undocumented arguments in documentation object 'model_options'
  ‘object’ ‘value’
Objects in \usage without \alias in documentation object 'model_options':
  ‘.model_options<-’

Undocumented arguments in documentation object 'plot_data_heatmap'
  ‘groups’
Documented arguments not in \usage in documentation object 'plot_data_heatmap':
  ‘include_weights’ ‘sort_samples’

Undocumented arguments in documentation object 'plot_data_scatter'
  ‘groups’ ‘name_color’ ‘name_shape’

Undocumented arguments in documentation object 'plot_factor'
  ‘add_dots’ ‘add_violin’ ‘dot_size’ ‘shape_by’ ‘alpha’ ‘shape_name’

Undocumented arguments in documentation object 'plot_factors'
  ‘dot_size’

Undocumented arguments in documentation object 'plot_variance_explained'
  ‘x’ ‘y’ ‘split_by’ ‘plot_total’

Undocumented arguments in documentation object 'plot_weight_cor'
  ‘view’

Undocumented arguments in documentation object 'plot_weight_scatter'
  ‘abs’

Undocumented arguments in documentation object 'plot_weights'
  ‘dot_size’ ‘text_size’

Undocumented arguments in documentation object 'samples_groups'
  ‘format’

Undocumented arguments in documentation object 'select_model'
  ‘plotit’

Undocumented arguments in documentation object 'training_data'
  ‘object’ ‘value’
Objects in \usage without \alias in documentation object 'training_data':
  ‘.training_data<-’

Undocumented arguments in documentation object 'training_options'
  ‘object’ ‘value’
Objects in \usage without \alias in documentation object 'training_options':
  ‘.training_options<-’

Undocumented arguments in documentation object 'training_stats'
  ‘object’ ‘value’
Objects in \usage without \alias in documentation object 'training_stats':
  ‘.training_stats<-’

Functions with \usage entries need to have the appropriate \alias
entries, and all their arguments documented.
The \usage entries must correspond to syntactically valid R code.
See chapter ‘Writing R documentation files’ in the ‘Writing R
Extensions’ manual.
* checking Rd contents ... OK
* checking for unstated dependencies in examples ... OK
* checking examples ... NONE
* DONE
Status: 4 WARNINGs, 1 NOTE
